{"type":"server-started","port":62961,"host":"127.0.0.1","url_host":"localhost","url":"http://localhost:62961","screen_dir":"/home/rifkyalfares/Projects/Others/my-portfolio/.superpowers/brainstorm/26755-1779889725/content","state_dir":"/home/rifkyalfares/Projects/Others/my-portfolio/.superpowers/brainstorm/26755-1779889725/state"}
{"type":"screen-added","file":"/home/rifkyalfares/Projects/Others/my-portfolio/.superpowers/brainstorm/26755-1779889725/content/vibe.html"}
{"type":"screen-added","file":"/home/rifkyalfares/Projects/Others/my-portfolio/.superpowers/brainstorm/26755-1779889725/content/vibe-v2.html"}
{"type":"screen-added","file":"/home/rifkyalfares/Projects/Others/my-portfolio/.superpowers/brainstorm/26755-1779889725/content/vibe-dark.html"}
{"type":"screen-added","file":"/home/rifkyalfares/Projects/Others/my-portfolio/.superpowers/brainstorm/26755-1779889725/content/vibe-ai-dev.html"}
{"source":"user-event","type":"click","text":"AI-NATIVE ENGINEER\n        Rifky Alfares\n        \"I don't just use AI tools — I think with them.\"\n      \n    \n    \n      AI-Native Engineer\n      Grid dot background, statement quote, branding \"AI-native\" sebagai identitas utama. Positioning kamu sebagai generasi baru developer.","choice":"ai-native-engineer","id":null,"timestamp":1779890038078}
{"source":"user-event","type":"click","text":"AI-NATIVE ENGINEER\n        Rifky Alfares\n        \"I don't just use AI tools — I think with them.\"\n      \n    \n    \n      AI-Native Engineer\n      Grid dot background, statement quote, branding \"AI-native\" sebagai identitas utama. Positioning kamu sebagai generasi baru developer.","choice":"ai-native-engineer","id":null,"timestamp":1779890040451}
{"source":"user-event","type":"click","text":"AI-NATIVE ENGINEER\n        Rifky Alfares\n        \"I don't just use AI tools — I think with them.\"\n      \n    \n    \n      AI-Native Engineer\n      Grid dot background, statement quote, branding \"AI-native\" sebagai identitas utama. Positioning kamu sebagai generasi baru developer.","choice":"ai-native-engineer","id":null,"timestamp":1779890041169}
{"source":"user-event","type":"click","text":"AI-NATIVE ENGINEER\n        Rifky Alfares\n        \"I don't just use AI tools — I think with them.\"\n      \n    \n    \n      AI-Native Engineer\n      Grid dot background, statement quote, branding \"AI-native\" sebagai identitas utama. Positioning kamu sebagai generasi baru developer.","choice":"ai-native-engineer","id":null,"timestamp":1779890041348}
{"type":"screen-added","file":"/home/rifkyalfares/Projects/Others/my-portfolio/.superpowers/brainstorm/26755-1779889725/content/sections.html"}
{"source":"user-event","type":"click","text":"H\n    \n      Contact\n      Form atau link kontak — email, LinkedIn, GitHub.","choice":"contact","id":null,"timestamp":1779890312390}
{"source":"user-event","type":"click","text":"G\n    \n      Blog / Writing\n      Artikel teknis — sharing knowledge soal AI, dev, dll.","choice":"blog","id":null,"timestamp":1779890313067}
{"source":"user-event","type":"click","text":"G\n    \n      Blog / Writing\n      Artikel teknis — sharing knowledge soal AI, dev, dll.","choice":"blog","id":null,"timestamp":1779890313587}
{"source":"user-event","type":"click","text":"H\n    \n      Contact\n      Form atau link kontak — email, LinkedIn, GitHub.","choice":"contact","id":null,"timestamp":1779890314379}
{"type":"screen-added","file":"/home/rifkyalfares/Projects/Others/my-portfolio/.superpowers/brainstorm/26755-1779889725/content/approaches.html"}
{"source":"user-event","type":"click","text":"my-portfolio/\n      ├── app/          # Next.js frontend\n      ├── admin/        # Payload CMS\n      ├── docker-compose.yml\n      └── shared/       # types, utils\n    \n    \n      A — Monorepo (Recommended)\n      Frontend + Payload CMS dalam satu repo. Shared types. Deploy via Docker Compose. Paling clean untuk solo dev.\n      \n        ProsSatu repo, satu deployShared TypeScript typesDocker siap pakai\n        ConsSedikit lebih kompleks setup awal","choice":"monorepo","id":null,"timestamp":1779890500311}
{"type":"screen-added","file":"/home/rifkyalfares/Projects/Others/my-portfolio/.superpowers/brainstorm/26755-1779889725/content/architecture.html"}
{"type":"screen-added","file":"/home/rifkyalfares/Projects/Others/my-portfolio/.superpowers/brainstorm/26755-1779889725/content/layout.html"}
{"type":"screen-added","file":"/home/rifkyalfares/Projects/Others/my-portfolio/.superpowers/brainstorm/26755-1779889725/content/layout-v2.html"}
{"type":"screen-added","file":"/home/rifkyalfares/Projects/Others/my-portfolio/.superpowers/brainstorm/26755-1779889725/content/layout-v3.html"}
{"type":"screen-added","file":"/home/rifkyalfares/Projects/Others/my-portfolio/.superpowers/brainstorm/26755-1779889725/content/concepts.html"}
{"type":"screen-added","file":"/home/rifkyalfares/Projects/Others/my-portfolio/.superpowers/brainstorm/26755-1779889725/content/liquid-glass-full.html"}
{"type":"screen-added","file":"/home/rifkyalfares/Projects/Others/my-portfolio/.superpowers/brainstorm/26755-1779889725/content/liquid-glass-v2.html"}
